<?xml version="1.0" encoding="UTF-8"?>
<!-- Generated by org.testng.reporters.JUnitReportReporter -->
<testsuite hostname="DESKTOP-FJ3LEFB" failures="0" tests="1" name="com.hk.automation.test.SimpleRestTest" time="4.483" errors="0" timestamp="2025-04-06T15:45:01 BST" skipped="0">
  <testcase classname="com.hk.automation.test.SimpleRestTest" name="validateUserAPI" time="4.483"/>
</testsuite> <!-- com.hk.automation.test.SimpleRestTest -->
