<?xml version="1.0" encoding="UTF-8"?>
<!-- Generated by org.testng.reporters.JUnitReportReporter -->
<testsuite hostname="DESKTOP-FJ3LEFB" failures="0" tests="2" name="com.hk.automation.test.LoginTest" time="28.147" errors="0" timestamp="2025-04-09T20:37:46 BST" skipped="0">
  <testcase classname="com.hk.automation.test.LoginTest" name="login" time="11.685"/>
  <testcase classname="com.hk.automation.test.LoginTest" name="login" time="16.462"/>
</testsuite> <!-- com.hk.automation.test.LoginTest -->
