<?xml version="1.0" encoding="UTF-8"?>
<!-- Generated by org.testng.reporters.JUnitReportReporter -->
<testsuite hostname="DESKTOP-FJ3LEFB" failures="0" tests="1" name="runner.Runner" time="18.361" errors="0" timestamp="2025-04-10T00:22:19 BST" skipped="0">
  <testcase classname="runner.Runner" name="runScenario" time="18.361"/>
</testsuite> <!-- runner.Runner -->
