<?xml version="1.0" encoding="UTF-8"?>
<!-- Generated by org.testng.reporters.JUnitReportReporter -->
<testsuite hostname="DESKTOP-FJ3LEFB" failures="0" tests="1" name="com.hk.automation.test.Test3" time="0.001" errors="0" timestamp="2025-04-08T02:12:54 BST" skipped="0">
  <testcase classname="com.hk.automation.test.Test3" name="TestThree" time="0.001"/>
</testsuite> <!-- com.hk.automation.test.Test3 -->
