<?xml version="1.0" encoding="UTF-8"?>
<!-- Generated by org.testng.reporters.JUnitReportReporter -->
<testsuite hostname="DESKTOP-FJ3LEFB" failures="0" tests="2" name="com.hk.automation.test.LoginTest" time="35.263" errors="0" timestamp="2025-04-08T02:12:54 BST" skipped="0">
  <testcase classname="com.hk.automation.test.LoginTest" name="login" time="15.731"/>
  <testcase classname="com.hk.automation.test.LoginTest" name="login" time="19.532"/>
</testsuite> <!-- com.hk.automation.test.LoginTest -->
