<?xml version="1.0" encoding="UTF-8"?>
<!-- Generated by org.testng.reporters.JUnitReportReporter -->
<testsuite hostname="DESKTOP-FJ3LEFB" failures="0" tests="1" name="com.hk.automation.test.SimpleRestTest" time="1.446" errors="0" timestamp="2025-04-06T16:37:06 BST" skipped="0">
  <testcase classname="com.hk.automation.test.SimpleRestTest" name="validateUserAPI" time="1.446"/>
</testsuite> <!-- com.hk.automation.test.SimpleRestTest -->
